<?xml version="1.0" encoding="UTF-8"?>
<!-- Generated by org.testng.reporters.JUnitXMLReporter -->
<testsuite hostname="Veera" ignored="0" name="Test" tests="4" failures="0" timestamp="20 Mar 2021 13:32:38 GMT" time="35.447" errors="0">
  <testcase name="tc1Login1" time="4.204" classname="org.starter.Adactin"/>
  <testcase name="tc2SearchHotel2" time="4.414" classname="org.starter.Adactin"/>
  <testcase name="tc3SelectHotel3" time="1.421" classname="org.starter.Adactin"/>
  <testcase name="tc4BookHotel4" time="14.105" classname="org.starter.Adactin"/>
</testsuite> <!-- Test -->
